d:\github\object-oriented-programming-cpp\debug\vc142.pdb
d:\github\object-oriented-programming-cpp\debug\default_argumet.obj
d:\github\object-oriented-programming-cpp\debug\copy_constructor_vs_assignment.obj
d:\github\object-oriented-programming-cpp\debug\copy_constructor.obj
d:\github\object-oriented-programming-cpp\debug\container.obj
d:\github\object-oriented-programming-cpp\debug\constructor_destructor_inheritence.obj
d:\github\object-oriented-programming-cpp\debug\constructor_destructor.obj
d:\github\object-oriented-programming-cpp\debug\constructor.obj
d:\github\object-oriented-programming-cpp\debug\class_pointer.obj
d:\github\object-oriented-programming-cpp\debug\class_declaration_vs_definition.obj
d:\github\object-oriented-programming-cpp\debug\class.obj
d:\github\object-oriented-programming-cpp\debug\bool.obj
d:\github\object-oriented-programming-cpp\debug\binding.obj
d:\github\object-oriented-programming-cpp\debug\binary_file_handling.obj
d:\github\object-oriented-programming-cpp\debug\big_decimal.obj
d:\github\object-oriented-programming-cpp\debug\assign_object.obj
d:\github\object-oriented-programming-cpp\debug\access_specifier_in_inheritence.obj
d:\github\object-oriented-programming-cpp\debug\access_specifier.obj
d:\github\object-oriented-programming-cpp\debug\abstract_class.obj
d:\github\object-oriented-programming-cpp\debug\abstraction_vs_encapsulation.obj
d:\github\object-oriented-programming-cpp\debug\abstraction.obj
d:\github\object-oriented-programming-cpp\debug\global_vs_local.obj
d:\github\object-oriented-programming-cpp\debug\getline.obj
d:\github\object-oriented-programming-cpp\debug\function_overriding.obj
d:\github\object-oriented-programming-cpp\debug\function_overloading_vs_overriding.obj
d:\github\object-oriented-programming-cpp\debug\function_overloading.obj
d:\github\object-oriented-programming-cpp\debug\fstream.obj
d:\github\object-oriented-programming-cpp\debug\friend.obj
d:\github\object-oriented-programming-cpp\debug\forward_declaration.obj
d:\github\object-oriented-programming-cpp\debug\file_handling.obj
d:\github\object-oriented-programming-cpp\debug\explicit_vs_implicit.obj
d:\github\object-oriented-programming-cpp\debug\exception_handling.obj
d:\github\object-oriented-programming-cpp\debug\error_file_handling.obj
d:\github\object-oriented-programming-cpp\debug\eof_in_file_handling.obj
d:\github\object-oriented-programming-cpp\debug\eof.obj
d:\github\object-oriented-programming-cpp\debug\enum.obj
d:\github\object-oriented-programming-cpp\debug\endl_vs_n.obj
d:\github\object-oriented-programming-cpp\debug\encapsulation.obj
d:\github\object-oriented-programming-cpp\debug\early_vs_late_binding.obj
d:\github\object-oriented-programming-cpp\debug\dynamic_allocation.obj
d:\github\object-oriented-programming-cpp\debug\destructor.obj
d:\github\object-oriented-programming-cpp\debug\nested_class.obj
d:\github\object-oriented-programming-cpp\debug\namespace.obj
d:\github\object-oriented-programming-cpp\debug\multithread.obj
d:\github\object-oriented-programming-cpp\debug\manipulators.obj
d:\github\object-oriented-programming-cpp\debug\line_input.obj
d:\github\object-oriented-programming-cpp\debug\learn_oop.obj
d:\github\object-oriented-programming-cpp\debug\lambda_function.obj
d:\github\object-oriented-programming-cpp\debug\keyword.obj
d:\github\object-oriented-programming-cpp\debug\iterator.obj
d:\github\object-oriented-programming-cpp\debug\io_status.obj
d:\github\object-oriented-programming-cpp\debug\iostream.obj
d:\github\object-oriented-programming-cpp\debug\iostate.obj
d:\github\object-oriented-programming-cpp\debug\ios.obj
d:\github\object-oriented-programming-cpp\debug\io.obj
d:\github\object-oriented-programming-cpp\debug\interface.obj
d:\github\object-oriented-programming-cpp\debug\inside_vs_outside_class_definition.obj
d:\github\object-oriented-programming-cpp\debug\inserter_&_extractor.obj
d:\github\object-oriented-programming-cpp\debug\inline_function.obj
d:\github\object-oriented-programming-cpp\debug\inheritence.obj
d:\github\object-oriented-programming-cpp\debug\header_file.obj
d:\github\object-oriented-programming-cpp\debug\static_class_members.obj
d:\github\object-oriented-programming-cpp\debug\stack4.obj
d:\github\object-oriented-programming-cpp\debug\stack.obj
d:\github\object-oriented-programming-cpp\debug\scope_operator.obj
d:\github\object-oriented-programming-cpp\debug\reference.obj
d:\github\object-oriented-programming-cpp\debug\random_access.obj
d:\github\object-oriented-programming-cpp\debug\pure_virtual_function.obj
d:\github\object-oriented-programming-cpp\debug\presentation.obj
d:\github\object-oriented-programming-cpp\debug\polymorphism.obj
d:\github\object-oriented-programming-cpp\debug\pointer_to_member_function.obj
d:\github\object-oriented-programming-cpp\debug\overriding_vs_overloading.obj
d:\github\object-oriented-programming-cpp\debug\operator_overloading.obj
d:\github\object-oriented-programming-cpp\debug\operator.obj
d:\github\object-oriented-programming-cpp\debug\openmode.obj
d:\github\object-oriented-programming-cpp\debug\oop.obj
d:\github\object-oriented-programming-cpp\debug\object_to_function.obj
d:\github\object-oriented-programming-cpp\debug\object_pointer.obj
d:\github\object-oriented-programming-cpp\debug\object_array.obj
d:\github\object-oriented-programming-cpp\debug\object.obj
d:\github\object-oriented-programming-cpp\debug\normal_vs_inline_function.obj
d:\github\object-oriented-programming-cpp\debug\virtual.obj
d:\github\object-oriented-programming-cpp\debug\vector.obj
d:\github\object-oriented-programming-cpp\debug\variadic_function.obj
d:\github\object-oriented-programming-cpp\debug\using.obj
d:\github\object-oriented-programming-cpp\debug\unnamed_namespace_vs_global_scope.obj
d:\github\object-oriented-programming-cpp\debug\type_casting.obj
d:\github\object-oriented-programming-cpp\debug\this.obj
d:\github\object-oriented-programming-cpp\debug\text_vs_binary_mode.obj
d:\github\object-oriented-programming-cpp\debug\test.obj
d:\github\object-oriented-programming-cpp\debug\template.obj
d:\github\object-oriented-programming-cpp\debug\temp2.obj
d:\github\object-oriented-programming-cpp\debug\temp.obj
d:\github\object-oriented-programming-cpp\debug\t2.obj
d:\github\object-oriented-programming-cpp\debug\t1.obj
d:\github\object-oriented-programming-cpp\debug\string_stream.obj
d:\github\object-oriented-programming-cpp\debug\stringtodecimal.obj
d:\github\object-oriented-programming-cpp\debug\string.obj
d:\github\object-oriented-programming-cpp\debug\stream.obj
d:\github\object-oriented-programming-cpp\debug\stl.obj
d:\github\object-oriented-programming-cpp\debug\object-oriented-programming-cpp.pdb
d:\github\object-oriented-programming-cpp\debug\object-o.e69e51ef.tlog\cl.command.1.tlog
d:\github\object-oriented-programming-cpp\debug\object-o.e69e51ef.tlog\cl.read.1.tlog
d:\github\object-oriented-programming-cpp\debug\object-o.e69e51ef.tlog\cl.write.1.tlog
d:\github\object-oriented-programming-cpp\debug\object-o.e69e51ef.tlog\link-cvtres.read.1.tlog
d:\github\object-oriented-programming-cpp\debug\object-o.e69e51ef.tlog\link-cvtres.write.1.tlog
d:\github\object-oriented-programming-cpp\debug\object-o.e69e51ef.tlog\link-rc.read.1.tlog
d:\github\object-oriented-programming-cpp\debug\object-o.e69e51ef.tlog\link-rc.write.1.tlog
d:\github\object-oriented-programming-cpp\debug\object-o.e69e51ef.tlog\link.command.1.tlog
d:\github\object-oriented-programming-cpp\debug\object-o.e69e51ef.tlog\link.read.1.tlog
d:\github\object-oriented-programming-cpp\debug\object-o.e69e51ef.tlog\link.write.1.tlog
